<?xml version="1.0" encoding="UTF-8"?>
<testsuite xmlns:xsi="http://www.w3.org/2001/XMLSchema-instance" xsi:noNamespaceSchemaLocation="https://maven.apache.org/surefire/maven-surefire-plugin/xsd/surefire-test-report-3.0.xsd" version="3.0" name="math.MyMathTest" time="2.194" tests="15" errors="0" skipped="0" failures="0">
  <properties>
[...]
</properties>
  <testcase name="factorialForNegativeThree" classname="math.MyMathTest" time="0.0"/>
  <testcase name="factorialForNegativeOne" classname="math.MyMathTest" time="0.0"/>
  <testcase name="isPrimeForNegativeTwentyOne" classname="math.MyMathTest" time="0.0"/>
  <testcase name="factorialForThirteen" classname="math.MyMathTest" time="0.0"/>
  <testcase name="isPrimeForThree" classname="math.MyMathTest" time="0.0"/>
  <testcase name="isPrimeForOne" classname="math.MyMathTest" time="0.0"/>
  <testcase name="isPrimeForTwo" classname="math.MyMathTest" time="0.0"/>
  <testcase name="isPrimeForFour" classname="math.MyMathTest" time="0.0"/>
  <testcase name="isPrimeForZero" classname="math.MyMathTest" time="0.0"/>
  <testcase name="isPrimeForNinetyOne" classname="math.MyMathTest" time="0.0"/>
  <testcase name="isPrimeForLargeNumber" classname="math.MyMathTest" time="2.184"/>
  <testcase name="factorialForTwelve" classname="math.MyMathTest" time="0.001"/>
  <testcase name="factorialForFive" classname="math.MyMathTest" time="0.001"/>
  <testcase name="factorialForZero" classname="math.MyMathTest" time="0.0"/>
  <testcase name="factorialForOne" classname="math.MyMathTest" time="0.001"/>
</testsuite>